# JRE version: Java(TM) SE Runtime Environment (16.0.2+7) (build 16.0.2+7-67)
# Java VM: Java HotSpot(TM) 64-Bit Server VM (16.0.2+7-67, mixed mode, sharing, tiered, compressed oops, compressed class ptrs, parallel gc, windows-amd64)
GC Precious Log:
 CPUs: 4 total, 4 available
 Memory: 7887M
 Large Page Support: Disabled
 NUMA Support: Disabled
 Compressed Oops: Enabled (32-bit)
 Alignments: Space 512K, Generation 512K, Heap 2M
 Heap Min Capacity: 100M
 Heap Initial Capacity: 100M
 Heap Max Capacity: 1G
 Pre-touch: Disabled
 Parallel Workers: 4
Heap:
 PSYoungGen      total 3584K, used 2048K [0x00000000eab00000, 0x00000000eb280000, 0x0000000100000000)
  eden space 1536K, 0% used [0x00000000eab00000,0x00000000eab00000,0x00000000eac80000)
  from space 2048K, 100% used [0x00000000eaf00000,0x00000000eb100000,0x00000000eb100000)
  to   space 2560K, 0% used [0x00000000eac80000,0x00000000eac80000,0x00000000eaf00000)
 ParOldGen       total 114688K, used 113828K [0x00000000c0000000, 0x00000000c7000000, 0x00000000eab00000)
  object space 114688K, 99% used [0x00000000c0000000,0x00000000c6f290d8,0x00000000c7000000)
 Metaspace       used 66806K, committed 67712K, reserved 1114112K
  class space    used 6523K, committed 6912K, reserved 1048576K
GC Heap History (20 events):
Event: 6778.822 GC heap after
{Heap after GC invocations=2201 (full 63):
 PSYoungGen      total 3072K, used 693K [0x00000000eab00000, 0x00000000eb180000, 0x0000000100000000)
  eden space 2048K, 0% used [0x00000000eab00000,0x00000000eab00000,0x00000000ead00000)
  from space 1024K, 67% used [0x00000000eae00000,0x00000000eaead670,0x00000000eaf00000)
  to   space 1536K, 0% used [0x00000000eb000000,0x00000000eb000000,0x00000000eb180000)
 ParOldGen       total 114688K, used 108258K [0x00000000c0000000, 0x00000000c7000000, 0x00000000eab00000)
  object space 114688K, 94% used [0x00000000c0000000,0x00000000c69b8b28,0x00000000c7000000)
 Metaspace       used 66806K, committed 67712K, reserved 1114112K
  class space    used 6523K, committed 6912K, reserved 1048576K
}
Event: 6778.830 GC heap before
{Heap before GC invocations=2202 (full 63):
 PSYoungGen      total 3072K, used 2741K [0x00000000eab00000, 0x00000000eb180000, 0x0000000100000000)
  eden space 2048K, 99% used [0x00000000eab00000,0x00000000eacffff8,0x00000000ead00000)
  from space 1024K, 67% used [0x00000000eae00000,0x00000000eaead670,0x00000000eaf00000)
  to   space 1536K, 0% used [0x00000000eb000000,0x00000000eb000000,0x00000000eb180000)
 ParOldGen       total 114688K, used 108258K [0x00000000c0000000, 0x00000000c7000000, 0x00000000eab00000)
  object space 114688K, 94% used [0x00000000c0000000,0x00000000c69b8b28,0x00000000c7000000)
 Metaspace       used 66806K, committed 67712K, reserved 1114112K
  class space    used 6523K, committed 6912K, reserved 1048576K
}
Event: 6778.831 GC heap after
{Heap after GC invocations=2202 (full 63):
 PSYoungGen      total 3072K, used 565K [0x00000000eab00000, 0x00000000eb100000, 0x0000000100000000)
  eden space 2048K, 0% used [0x00000000eab00000,0x00000000eab00000,0x00000000ead00000)
  from space 1024K, 55% used [0x00000000eb000000,0x00000000eb08d670,0x00000000eb100000)
  to   space 1024K, 0% used [0x00000000eae00000,0x00000000eae00000,0x00000000eaf00000)
 ParOldGen       total 114688K, used 108512K [0x00000000c0000000, 0x00000000c7000000, 0x00000000eab00000)
  object space 114688K, 94% used [0x00000000c0000000,0x00000000c69f8198,0x00000000c7000000)
 Metaspace       used 66806K, committed 67712K, reserved 1114112K
  class space    used 6523K, committed 6912K, reserved 1048576K
}
Event: 6779.192 GC heap before
{Heap before GC invocations=2203 (full 63):
 PSYoungGen      total 3072K, used 2613K [0x00000000eab00000, 0x00000000eb100000, 0x0000000100000000)
  eden space 2048K, 100% used [0x00000000eab00000,0x00000000ead00000,0x00000000ead00000)
  from space 1024K, 55% used [0x00000000eb000000,0x00000000eb08d670,0x00000000eb100000)
  to   space 1024K, 0% used [0x00000000eae00000,0x00000000eae00000,0x00000000eaf00000)
 ParOldGen       total 114688K, used 108512K [0x00000000c0000000, 0x00000000c7000000, 0x00000000eab00000)
  object space 114688K, 94% used [0x00000000c0000000,0x00000000c69f8198,0x00000000c7000000)
 Metaspace       used 66806K, committed 67712K, reserved 1114112K
  class space    used 6523K, committed 6912K, reserved 1048576K
}
Event: 6779.193 GC heap after
{Heap after GC invocations=2203 (full 63):
 PSYoungGen      total 3072K, used 661K [0x00000000eab00000, 0x00000000eb080000, 0x0000000100000000)
  eden space 2048K, 0% used [0x00000000eab00000,0x00000000eab00000,0x00000000ead00000)
  from space 1024K, 64% used [0x00000000eae00000,0x00000000eaea5670,0x00000000eaf00000)
  to   space 1024K, 0% used [0x00000000eaf80000,0x00000000eaf80000,0x00000000eb080000)
 ParOldGen       total 114688K, used 108520K [0x00000000c0000000, 0x00000000c7000000, 0x00000000eab00000)
  object space 114688K, 94% used [0x00000000c0000000,0x00000000c69fa198,0x00000000c7000000)
 Metaspace       used 66806K, committed 67712K, reserved 1114112K
  class space    used 6523K, committed 6912K, reserved 1048576K
}
Event: 6779.201 GC heap before
{Heap before GC invocations=2204 (full 63):
 PSYoungGen      total 3072K, used 2709K [0x00000000eab00000, 0x00000000eb080000, 0x0000000100000000)
  eden space 2048K, 100% used [0x00000000eab00000,0x00000000ead00000,0x00000000ead00000)
  from space 1024K, 64% used [0x00000000eae00000,0x00000000eaea5670,0x00000000eaf00000)
  to   space 1024K, 0% used [0x00000000eaf80000,0x00000000eaf80000,0x00000000eb080000)
 ParOldGen       total 114688K, used 108520K [0x00000000c0000000, 0x00000000c7000000, 0x00000000eab00000)
  object space 114688K, 94% used [0x00000000c0000000,0x00000000c69fa198,0x00000000c7000000)
 Metaspace       used 66806K, committed 67712K, reserved 1114112K
  class space    used 6523K, committed 6912K, reserved 1048576K
}
Event: 6779.203 GC heap after
{Heap after GC invocations=2204 (full 63):
 PSYoungGen      total 3072K, used 672K [0x00000000eab00000, 0x00000000eb080000, 0x0000000100000000)
  eden space 2048K, 0% used [0x00000000eab00000,0x00000000eab00000,0x00000000ead00000)
  from space 1024K, 65% used [0x00000000eaf80000,0x00000000eb028000,0x00000000eb080000)
  to   space 1024K, 0% used [0x00000000eae00000,0x00000000eae00000,0x00000000eaf00000)
 ParOldGen       total 114688K, used 108528K [0x00000000c0000000, 0x00000000c7000000, 0x00000000eab00000)
  object space 114688K, 94% used [0x00000000c0000000,0x00000000c69fc198,0x00000000c7000000)
 Metaspace       used 66806K, committed 67712K, reserved 1114112K
  class space    used 6523K, committed 6912K, reserved 1048576K
}
Event: 6800.434 GC heap before
{Heap before GC invocations=2205 (full 63):
 PSYoungGen      total 3072K, used 2700K [0x00000000eab00000, 0x00000000eb080000, 0x0000000100000000)
  eden space 2048K, 99% used [0x00000000eab00000,0x00000000eacfb180,0x00000000ead00000)
  from space 1024K, 65% used [0x00000000eaf80000,0x00000000eb028000,0x00000000eb080000)
  to   space 1024K, 0% used [0x00000000eae00000,0x00000000eae00000,0x00000000eaf00000)
 ParOldGen       total 114688K, used 108528K [0x00000000c0000000, 0x00000000c7000000, 0x00000000eab00000)
  object space 114688K, 94% used [0x00000000c0000000,0x00000000c69fc198,0x00000000c7000000)
 Metaspace       used 66806K, committed 67712K, reserved 1114112K
  class space    used 6523K, committed 6912K, reserved 1048576K
}
Event: 6800.436 GC heap after
{Heap after GC invocations=2205 (full 63):
 PSYoungGen      total 3072K, used 757K [0x00000000eab00000, 0x00000000eb000000, 0x0000000100000000)
  eden space 2048K, 0% used [0x00000000eab00000,0x00000000eab00000,0x00000000ead00000)
  from space 1024K, 73% used [0x00000000eae00000,0x00000000eaebd670,0x00000000eaf00000)
  to   space 1024K, 0% used [0x00000000eaf00000,0x00000000eaf00000,0x00000000eb000000)
 ParOldGen       total 114688K, used 108536K [0x00000000c0000000, 0x00000000c7000000, 0x00000000eab00000)
  object space 114688K, 94% used [0x00000000c0000000,0x00000000c69fe198,0x00000000c7000000)
 Metaspace       used 66806K, committed 67712K, reserved 1114112K
  class space    used 6523K, committed 6912K, reserved 1048576K
}
Event: 6800.440 GC heap before
{Heap before GC invocations=2206 (full 63):
 PSYoungGen      total 3072K, used 2805K [0x00000000eab00000, 0x00000000eb000000, 0x0000000100000000)
  eden space 2048K, 100% used [0x00000000eab00000,0x00000000ead00000,0x00000000ead00000)
  from space 1024K, 73% used [0x00000000eae00000,0x00000000eaebd670,0x00000000eaf00000)
  to   space 1024K, 0% used [0x00000000eaf00000,0x00000000eaf00000,0x00000000eb000000)
 ParOldGen       total 114688K, used 108536K [0x00000000c0000000, 0x00000000c7000000, 0x00000000eab00000)
  object space 114688K, 94% used [0x00000000c0000000,0x00000000c69fe198,0x00000000c7000000)
 Metaspace       used 66806K, committed 67712K, reserved 1114112K
  class space    used 6523K, committed 6912K, reserved 1048576K
}
Event: 6800.442 GC heap after
{Heap after GC invocations=2206 (full 63):
 PSYoungGen      total 2048K, used 1017K [0x00000000eab00000, 0x00000000eb300000, 0x0000000100000000)
  eden space 1024K, 0% used [0x00000000eab00000,0x00000000eab00000,0x00000000eac00000)
  from space 1024K, 99% used [0x00000000eaf00000,0x00000000eaffe6f0,0x00000000eb000000)
  to   space 3072K, 0% used [0x00000000eac00000,0x00000000eac00000,0x00000000eaf00000)
 ParOldGen       total 114688K, used 110032K [0x00000000c0000000, 0x00000000c7000000, 0x00000000eab00000)
  object space 114688K, 95% used [0x00000000c0000000,0x00000000c6b742f8,0x00000000c7000000)
 Metaspace       used 66806K, committed 67712K, reserved 1114112K
  class space    used 6523K, committed 6912K, reserved 1048576K
}
Event: 6800.445 GC heap before
{Heap before GC invocations=2207 (full 63):
 PSYoungGen      total 2048K, used 2041K [0x00000000eab00000, 0x00000000eb300000, 0x0000000100000000)
  eden space 1024K, 99% used [0x00000000eab00000,0x00000000eabfffc8,0x00000000eac00000)
  from space 1024K, 99% used [0x00000000eaf00000,0x00000000eaffe6f0,0x00000000eb000000)
  to   space 3072K, 0% used [0x00000000eac00000,0x00000000eac00000,0x00000000eaf00000)
 ParOldGen       total 114688K, used 110032K [0x00000000c0000000, 0x00000000c7000000, 0x00000000eab00000)
  object space 114688K, 95% used [0x00000000c0000000,0x00000000c6b742f8,0x00000000c7000000)
 Metaspace       used 66806K, committed 67712K, reserved 1114112K
  class space    used 6523K, committed 6912K, reserved 1048576K
}
Event: 6800.447 GC heap after
{Heap after GC invocations=2207 (full 63):
 PSYoungGen      total 2048K, used 1024K [0x00000000eab00000, 0x00000000eb080000, 0x0000000100000000)
  eden space 1024K, 0% used [0x00000000eab00000,0x00000000eab00000,0x00000000eac00000)
  from space 1024K, 100% used [0x00000000eac00000,0x00000000ead00000,0x00000000ead00000)
  to   space 2048K, 0% used [0x00000000eae80000,0x00000000eae80000,0x00000000eb080000)
 ParOldGen       total 114688K, used 111074K [0x00000000c0000000, 0x00000000c7000000, 0x00000000eab00000)
  object space 114688K, 96% used [0x00000000c0000000,0x00000000c6c789e8,0x00000000c7000000)
 Metaspace       used 66806K, committed 67712K, reserved 1114112K
  class space    used 6523K, committed 6912K, reserved 1048576K
}
Event: 6800.453 GC heap before
{Heap before GC invocations=2208 (full 63):
 PSYoungGen      total 2048K, used 2048K [0x00000000eab00000, 0x00000000eb080000, 0x0000000100000000)
  eden space 1024K, 100% used [0x00000000eab00000,0x00000000eac00000,0x00000000eac00000)
  from space 1024K, 100% used [0x00000000eac00000,0x00000000ead00000,0x00000000ead00000)
  to   space 2048K, 0% used [0x00000000eae80000,0x00000000eae80000,0x00000000eb080000)
 ParOldGen       total 114688K, used 111074K [0x00000000c0000000, 0x00000000c7000000, 0x00000000eab00000)
  object space 114688K, 96% used [0x00000000c0000000,0x00000000c6c789e8,0x00000000c7000000)
 Metaspace       used 66806K, committed 67712K, reserved 1114112K
  class space    used 6523K, committed 6912K, reserved 1048576K
}
Event: 6800.455 GC heap after
{Heap after GC invocations=2208 (full 63):
 PSYoungGen      total 2560K, used 768K [0x00000000eab00000, 0x00000000eaf80000, 0x0000000100000000)
  eden space 1536K, 0% used [0x00000000eab00000,0x00000000eab00000,0x00000000eac80000)
  from space 1024K, 75% used [0x00000000eae80000,0x00000000eaf40000,0x00000000eaf80000)
  to   space 1024K, 0% used [0x00000000ead80000,0x00000000ead80000,0x00000000eae80000)
 ParOldGen       total 114688K, used 112050K [0x00000000c0000000, 0x00000000c7000000, 0x00000000eab00000)
  object space 114688K, 97% used [0x00000000c0000000,0x00000000c6d6c9e8,0x00000000c7000000)
 Metaspace       used 66806K, committed 67712K, reserved 1114112K
  class space    used 6523K, committed 6912K, reserved 1048576K
}
Event: 6800.460 GC heap before
{Heap before GC invocations=2209 (full 63):
 PSYoungGen      total 2560K, used 2304K [0x00000000eab00000, 0x00000000eaf80000, 0x0000000100000000)
  eden space 1536K, 100% used [0x00000000eab00000,0x00000000eac80000,0x00000000eac80000)
  from space 1024K, 75% used [0x00000000eae80000,0x00000000eaf40000,0x00000000eaf80000)
  to   space 1024K, 0% used [0x00000000ead80000,0x00000000ead80000,0x00000000eae80000)
 ParOldGen       total 114688K, used 112050K [0x00000000c0000000, 0x00000000c7000000, 0x00000000eab00000)
  object space 114688K, 97% used [0x00000000c0000000,0x00000000c6d6c9e8,0x00000000c7000000)
 Metaspace       used 66806K, committed 67712K, reserved 1114112K
  class space    used 6523K, committed 6912K, reserved 1048576K
}
Event: 6800.461 GC heap after
{Heap after GC invocations=2209 (full 63):
 PSYoungGen      total 3072K, used 1017K [0x00000000eab00000, 0x00000000eb100000, 0x0000000100000000)
  eden space 2048K, 0% used [0x00000000eab00000,0x00000000eab00000,0x00000000ead00000)
  from space 1024K, 99% used [0x00000000ead80000,0x00000000eae7e6f0,0x00000000eae80000)
  to   space 2048K, 0% used [0x00000000eaf00000,0x00000000eaf00000,0x00000000eb100000)
 ParOldGen       total 114688K, used 112802K [0x00000000c0000000, 0x00000000c7000000, 0x00000000eab00000)
  object space 114688K, 98% used [0x00000000c0000000,0x00000000c6e289e8,0x00000000c7000000)
 Metaspace       used 66806K, committed 67712K, reserved 1114112K
  class space    used 6523K, committed 6912K, reserved 1048576K
}
Event: 6800.466 GC heap before
{Heap before GC invocations=2210 (full 63):
 PSYoungGen      total 3072K, used 3065K [0x00000000eab00000, 0x00000000eb100000, 0x0000000100000000)
  eden space 2048K, 100% used [0x00000000eab00000,0x00000000ead00000,0x00000000ead00000)
  from space 1024K, 99% used [0x00000000ead80000,0x00000000eae7e6f0,0x00000000eae80000)
  to   space 2048K, 0% used [0x00000000eaf00000,0x00000000eaf00000,0x00000000eb100000)
 ParOldGen       total 114688K, used 112802K [0x00000000c0000000, 0x00000000c7000000, 0x00000000eab00000)
  object space 114688K, 98% used [0x00000000c0000000,0x00000000c6e289e8,0x00000000c7000000)
 Metaspace       used 66806K, committed 67712K, reserved 1114112K
  class space    used 6523K, committed 6912K, reserved 1048576K
}
Event: 6800.469 GC heap after
{Heap after GC invocations=2210 (full 63):
 PSYoungGen      total 3584K, used 2048K [0x00000000eab00000, 0x00000000eb280000, 0x0000000100000000)
  eden space 1536K, 0% used [0x00000000eab00000,0x00000000eab00000,0x00000000eac80000)
  from space 2048K, 100% used [0x00000000eaf00000,0x00000000eb100000,0x00000000eb100000)
  to   space 2560K, 0% used [0x00000000eac80000,0x00000000eac80000,0x00000000eaf00000)
 ParOldGen       total 114688K, used 113828K [0x00000000c0000000, 0x00000000c7000000, 0x00000000eab00000)
  object space 114688K, 99% used [0x00000000c0000000,0x00000000c6f290d8,0x00000000c7000000)
 Metaspace       used 66806K, committed 67712K, reserved 1114112K
  class space    used 6523K, committed 6912K, reserved 1048576K
}
Event: 6800.469 GC heap before
{Heap before GC invocations=2211 (full 64):
 PSYoungGen      total 3584K, used 2048K [0x00000000eab00000, 0x00000000eb280000, 0x0000000100000000)
  eden space 1536K, 0% used [0x00000000eab00000,0x00000000eab00000,0x00000000eac80000)
  from space 2048K, 100% used [0x00000000eaf00000,0x00000000eb100000,0x00000000eb100000)
  to   space 2560K, 0% used [0x00000000eac80000,0x00000000eac80000,0x00000000eaf00000)
 ParOldGen       total 114688K, used 113828K [0x00000000c0000000, 0x00000000c7000000, 0x00000000eab00000)
  object space 114688K, 99% used [0x00000000c0000000,0x00000000c6f290d8,0x00000000c7000000)
 Metaspace       used 66806K, committed 67712K, reserved 1114112K
  class space    used 6523K, committed 6912K, reserved 1048576K
}

